[15-Jul-2019 12:55:45 UTC] PHP Notice:  Undefined variable: value in /var/www/wordpress/wp-content/plugins/addPeople-Finance-Calculator/class.addPeopleFinanceCalculator-Admin.php on line 61
[17-Jul-2019 09:06:22 UTC] PHP Warning:  mysqli_real_connect(): (HY000/1045): Access denied for user 'Adam'@'localhost' (using password: YES) in C:\xampp\htdocs\wordpress\wp-includes\wp-db.php on line 1612
[17-Jul-2019 09:07:17 UTC] PHP Warning:  mysqli_real_connect(): (HY000/1045): Access denied for user 'Adam'@'localhost' (using password: YES) in C:\xampp\htdocs\wordpress\wp-includes\wp-db.php on line 1612
[17-Jul-2019 09:07:39 UTC] PHP Warning:  mysqli_real_connect(): (HY000/1045): Access denied for user 'Adam'@'localhost' (using password: YES) in C:\xampp\htdocs\wordpress\wp-includes\wp-db.php on line 1612
[17-Jul-2019 09:08:22 UTC] PHP Warning:  mysqli_real_connect(): (HY000/1045): Access denied for user 'Adam'@'localhost' (using password: YES) in C:\xampp\htdocs\wordpress\wp-includes\wp-db.php on line 1612
[17-Jul-2019 09:08:44 UTC] PHP Warning:  mysqli_real_connect(): (HY000/1045): Access denied for user 'Adam'@'localhost' (using password: YES) in C:\xampp\htdocs\wordpress\wp-includes\wp-db.php on line 1612
[17-Jul-2019 09:09:17 UTC] PHP Warning:  mysqli_real_connect(): (HY000/1045): Access denied for user 'Adam'@'localhost' (using password: YES) in C:\xampp\htdocs\wordpress\wp-includes\wp-db.php on line 1612
[17-Jul-2019 09:09:39 UTC] PHP Warning:  mysqli_real_connect(): (HY000/1045): Access denied for user 'Adam'@'localhost' (using password: YES) in C:\xampp\htdocs\wordpress\wp-includes\wp-db.php on line 1612
[17-Jul-2019 09:34:20 UTC] PHP Warning:  mysqli_real_connect(): (HY000/1045): Access denied for user 'Adam'@'localhost' (using password: YES) in C:\xampp\htdocs\wordpress\wp-includes\wp-db.php on line 1612
[17-Jul-2019 09:34:24 UTC] PHP Warning:  mysqli_real_connect(): (HY000/1045): Access denied for user 'Adam'@'localhost' (using password: YES) in C:\xampp\htdocs\wordpress\wp-includes\wp-db.php on line 1612
[17-Jul-2019 09:34:31 UTC] PHP Warning:  mysqli_real_connect(): (HY000/1045): Access denied for user 'Adam'@'localhost' (using password: YES) in C:\xampp\htdocs\wordpress\wp-includes\wp-db.php on line 1612
[17-Jul-2019 09:34:34 UTC] PHP Warning:  mysqli_real_connect(): (HY000/1045): Access denied for user 'Adam'@'localhost' (using password: YES) in C:\xampp\htdocs\wordpress\wp-includes\wp-db.php on line 1612
[17-Jul-2019 09:35:31 UTC] PHP Warning:  mysqli_real_connect(): (HY000/1045): Access denied for user 'Adam'@'localhost' (using password: YES) in C:\xampp\htdocs\wordpress\wp-includes\wp-db.php on line 1612
[17-Jul-2019 09:35:34 UTC] PHP Warning:  mysqli_real_connect(): (HY000/1045): Access denied for user 'Adam'@'localhost' (using password: YES) in C:\xampp\htdocs\wordpress\wp-includes\wp-db.php on line 1612
[17-Jul-2019 09:35:50 UTC] PHP Warning:  mysqli_real_connect(): (HY000/1045): Access denied for user 'Adam'@'localhost' (using password: YES) in C:\xampp\htdocs\wordpress\wp-includes\wp-db.php on line 1612
[17-Jul-2019 09:36:47 UTC] PHP Warning:  mysqli_real_connect(): (HY000/1045): Access denied for user 'Adam'@'localhost' (using password: YES) in C:\xampp\htdocs\wordpress\wp-includes\wp-db.php on line 1612
[17-Jul-2019 09:36:48 UTC] PHP Warning:  mysqli_real_connect(): (HY000/1045): Access denied for user 'Adam'@'localhost' (using password: YES) in C:\xampp\htdocs\wordpress\wp-includes\wp-db.php on line 1612
[17-Jul-2019 09:36:48 UTC] PHP Warning:  mysqli_real_connect(): (HY000/1045): Access denied for user 'Adam'@'localhost' (using password: YES) in C:\xampp\htdocs\wordpress\wp-includes\wp-db.php on line 1612
[17-Jul-2019 09:37:03 UTC] PHP Warning:  mysqli_real_connect(): (HY000/1045): Access denied for user 'Adam'@'localhost' (using password: YES) in C:\xampp\htdocs\wordpress\wp-includes\wp-db.php on line 1612
[17-Jul-2019 09:37:04 UTC] PHP Warning:  mysqli_real_connect(): (HY000/1045): Access denied for user 'Adam'@'localhost' (using password: YES) in C:\xampp\htdocs\wordpress\wp-includes\wp-db.php on line 1612
[17-Jul-2019 09:37:54 UTC] PHP Notice:  Undefined index: minimumRate in C:\xampp\htdocs\wordpress\wp-content\plugins\addPeople-Finance-Calculator\class.addPeopleFinanceCalculator-Admin.php on line 35
[17-Jul-2019 09:37:54 UTC] PHP Notice:  Undefined index: mediumRate in C:\xampp\htdocs\wordpress\wp-content\plugins\addPeople-Finance-Calculator\class.addPeopleFinanceCalculator-Admin.php on line 36
[17-Jul-2019 09:37:54 UTC] PHP Notice:  Undefined index: maximumRate in C:\xampp\htdocs\wordpress\wp-content\plugins\addPeople-Finance-Calculator\class.addPeopleFinanceCalculator-Admin.php on line 37
[17-Jul-2019 09:37:54 UTC] PHP Notice:  Undefined index: year in C:\xampp\htdocs\wordpress\wp-content\plugins\addPeople-Finance-Calculator\class.addPeopleFinanceCalculator-Admin.php on line 38
[17-Jul-2019 09:37:54 UTC] PHP Notice:  Undefined index: minimumBudget in C:\xampp\htdocs\wordpress\wp-content\plugins\addPeople-Finance-Calculator\class.addPeopleFinanceCalculator-Admin.php on line 39
[17-Jul-2019 09:37:54 UTC] PHP Notice:  Undefined index: maximumBudget in C:\xampp\htdocs\wordpress\wp-content\plugins\addPeople-Finance-Calculator\class.addPeopleFinanceCalculator-Admin.php on line 40
[17-Jul-2019 09:37:54 UTC] WordPress database error Unknown column 'minimumRate' in 'field list' for query INSERT INTO `wp_finanCalc` (`name`, `minimumRate`, `mediumRate`, `maximumRate`, `minimumBudget`, `maximumBudget`, `year`) VALUES ('Test', NULL, NULL, NULL, NULL, NULL, NULL) made by do_action('wp_ajax_my_action'), WP_Hook->do_action, WP_Hook->apply_filters, AddPeopleFinanceCalculatorAdmin->my_action
[17-Jul-2019 09:41:17 UTC] PHP Notice:  Undefined index: minimumRate in C:\xampp\htdocs\wordpress\wp-content\plugins\addPeople-Finance-Calculator\class.addPeopleFinanceCalculator-Admin.php on line 35
[17-Jul-2019 09:41:17 UTC] PHP Notice:  Undefined index: mediumRate in C:\xampp\htdocs\wordpress\wp-content\plugins\addPeople-Finance-Calculator\class.addPeopleFinanceCalculator-Admin.php on line 36
[17-Jul-2019 09:41:17 UTC] PHP Notice:  Undefined index: maximumRate in C:\xampp\htdocs\wordpress\wp-content\plugins\addPeople-Finance-Calculator\class.addPeopleFinanceCalculator-Admin.php on line 37
[17-Jul-2019 09:41:17 UTC] PHP Notice:  Undefined index: year in C:\xampp\htdocs\wordpress\wp-content\plugins\addPeople-Finance-Calculator\class.addPeopleFinanceCalculator-Admin.php on line 38
[17-Jul-2019 09:41:17 UTC] PHP Notice:  Undefined index: minimumBudget in C:\xampp\htdocs\wordpress\wp-content\plugins\addPeople-Finance-Calculator\class.addPeopleFinanceCalculator-Admin.php on line 39
[17-Jul-2019 09:41:17 UTC] PHP Notice:  Undefined index: maximumBudget in C:\xampp\htdocs\wordpress\wp-content\plugins\addPeople-Finance-Calculator\class.addPeopleFinanceCalculator-Admin.php on line 40
[17-Jul-2019 09:41:17 UTC] WordPress database error Table 'wordpress.wp_financalc' doesn't exist for query SHOW FULL COLUMNS FROM `wp_finanCalc` made by do_action('wp_ajax_my_action'), WP_Hook->do_action, WP_Hook->apply_filters, AddPeopleFinanceCalculatorAdmin->my_action
[17-Jul-2019 09:48:05 UTC] PHP Notice:  Undefined index: minimumRate in C:\xampp\htdocs\wordpress\wp-content\plugins\addPeople-Finance-Calculator\class.addPeopleFinanceCalculator-Admin.php on line 35
[17-Jul-2019 09:48:05 UTC] PHP Notice:  Undefined index: mediumRate in C:\xampp\htdocs\wordpress\wp-content\plugins\addPeople-Finance-Calculator\class.addPeopleFinanceCalculator-Admin.php on line 36
[17-Jul-2019 09:48:05 UTC] PHP Notice:  Undefined index: maximumRate in C:\xampp\htdocs\wordpress\wp-content\plugins\addPeople-Finance-Calculator\class.addPeopleFinanceCalculator-Admin.php on line 37
[17-Jul-2019 09:48:05 UTC] PHP Notice:  Undefined index: year in C:\xampp\htdocs\wordpress\wp-content\plugins\addPeople-Finance-Calculator\class.addPeopleFinanceCalculator-Admin.php on line 38
[17-Jul-2019 09:48:05 UTC] PHP Notice:  Undefined index: minimumBudget in C:\xampp\htdocs\wordpress\wp-content\plugins\addPeople-Finance-Calculator\class.addPeopleFinanceCalculator-Admin.php on line 39
[17-Jul-2019 09:48:05 UTC] PHP Notice:  Undefined index: maximumBudget in C:\xampp\htdocs\wordpress\wp-content\plugins\addPeople-Finance-Calculator\class.addPeopleFinanceCalculator-Admin.php on line 40
[17-Jul-2019 09:48:05 UTC] WordPress database error Column 'minimumRate' cannot be null for query INSERT INTO `wp_finanCalc` (`name`, `minimumRate`, `mediumRate`, `maximumRate`, `minimumBudget`, `maximumBudget`, `year`) VALUES ('', NULL, NULL, NULL, NULL, NULL, NULL) made by do_action('wp_ajax_my_action'), WP_Hook->do_action, WP_Hook->apply_filters, AddPeopleFinanceCalculatorAdmin->my_action
[17-Jul-2019 09:48:15 UTC] PHP Notice:  Undefined index: minimumRate in C:\xampp\htdocs\wordpress\wp-content\plugins\addPeople-Finance-Calculator\class.addPeopleFinanceCalculator-Admin.php on line 35
[17-Jul-2019 09:48:15 UTC] PHP Notice:  Undefined index: mediumRate in C:\xampp\htdocs\wordpress\wp-content\plugins\addPeople-Finance-Calculator\class.addPeopleFinanceCalculator-Admin.php on line 36
[17-Jul-2019 09:48:15 UTC] PHP Notice:  Undefined index: maximumRate in C:\xampp\htdocs\wordpress\wp-content\plugins\addPeople-Finance-Calculator\class.addPeopleFinanceCalculator-Admin.php on line 37
[17-Jul-2019 09:48:15 UTC] PHP Notice:  Undefined index: year in C:\xampp\htdocs\wordpress\wp-content\plugins\addPeople-Finance-Calculator\class.addPeopleFinanceCalculator-Admin.php on line 38
[17-Jul-2019 09:48:15 UTC] PHP Notice:  Undefined index: minimumBudget in C:\xampp\htdocs\wordpress\wp-content\plugins\addPeople-Finance-Calculator\class.addPeopleFinanceCalculator-Admin.php on line 39
[17-Jul-2019 09:48:15 UTC] PHP Notice:  Undefined index: maximumBudget in C:\xampp\htdocs\wordpress\wp-content\plugins\addPeople-Finance-Calculator\class.addPeopleFinanceCalculator-Admin.php on line 40
[17-Jul-2019 09:48:15 UTC] WordPress database error Column 'minimumRate' cannot be null for query INSERT INTO `wp_finanCalc` (`name`, `minimumRate`, `mediumRate`, `maximumRate`, `minimumBudget`, `maximumBudget`, `year`) VALUES ('Test', NULL, NULL, NULL, NULL, NULL, NULL) made by do_action('wp_ajax_my_action'), WP_Hook->do_action, WP_Hook->apply_filters, AddPeopleFinanceCalculatorAdmin->my_action
[17-Jul-2019 10:21:01 UTC] PHP Notice:  Undefined index: minimumRate in C:\xampp\htdocs\wordpress\wp-content\plugins\addPeople-Finance-Calculator\class.addPeopleFinanceCalculator-Admin.php on line 35
[17-Jul-2019 10:21:01 UTC] PHP Notice:  Undefined index: mediumRate in C:\xampp\htdocs\wordpress\wp-content\plugins\addPeople-Finance-Calculator\class.addPeopleFinanceCalculator-Admin.php on line 36
[17-Jul-2019 10:21:01 UTC] PHP Notice:  Undefined index: maximumRate in C:\xampp\htdocs\wordpress\wp-content\plugins\addPeople-Finance-Calculator\class.addPeopleFinanceCalculator-Admin.php on line 37
[17-Jul-2019 10:21:01 UTC] PHP Notice:  Undefined index: year in C:\xampp\htdocs\wordpress\wp-content\plugins\addPeople-Finance-Calculator\class.addPeopleFinanceCalculator-Admin.php on line 38
[17-Jul-2019 10:21:01 UTC] PHP Notice:  Undefined index: minimumBudget in C:\xampp\htdocs\wordpress\wp-content\plugins\addPeople-Finance-Calculator\class.addPeopleFinanceCalculator-Admin.php on line 39
[17-Jul-2019 10:21:01 UTC] PHP Notice:  Undefined index: maximumBudget in C:\xampp\htdocs\wordpress\wp-content\plugins\addPeople-Finance-Calculator\class.addPeopleFinanceCalculator-Admin.php on line 40
[17-Jul-2019 10:21:01 UTC] WordPress database error Column 'minimumRate' cannot be null for query INSERT INTO `wp_finanCalc` (`name`, `minimumRate`, `mediumRate`, `maximumRate`, `minimumBudget`, `maximumBudget`, `year`) VALUES ('Test', NULL, NULL, NULL, NULL, NULL, NULL) made by do_action('wp_ajax_my_action'), WP_Hook->do_action, WP_Hook->apply_filters, AddPeopleFinanceCalculatorAdmin->my_action
[17-Jul-2019 10:21:38 UTC] PHP Notice:  Undefined index: minimumRate in C:\xampp\htdocs\wordpress\wp-content\plugins\addPeople-Finance-Calculator\class.addPeopleFinanceCalculator-Admin.php on line 35
[17-Jul-2019 10:21:38 UTC] PHP Notice:  Undefined index: mediumRate in C:\xampp\htdocs\wordpress\wp-content\plugins\addPeople-Finance-Calculator\class.addPeopleFinanceCalculator-Admin.php on line 36
[17-Jul-2019 10:21:38 UTC] PHP Notice:  Undefined index: maximumRate in C:\xampp\htdocs\wordpress\wp-content\plugins\addPeople-Finance-Calculator\class.addPeopleFinanceCalculator-Admin.php on line 37
[17-Jul-2019 10:21:38 UTC] PHP Notice:  Undefined index: year in C:\xampp\htdocs\wordpress\wp-content\plugins\addPeople-Finance-Calculator\class.addPeopleFinanceCalculator-Admin.php on line 38
[17-Jul-2019 10:21:38 UTC] PHP Notice:  Undefined index: minimumBudget in C:\xampp\htdocs\wordpress\wp-content\plugins\addPeople-Finance-Calculator\class.addPeopleFinanceCalculator-Admin.php on line 39
[17-Jul-2019 10:21:38 UTC] PHP Notice:  Undefined index: maximumBudget in C:\xampp\htdocs\wordpress\wp-content\plugins\addPeople-Finance-Calculator\class.addPeopleFinanceCalculator-Admin.php on line 40
[17-Jul-2019 10:21:38 UTC] WordPress database error Column 'minimumRate' cannot be null for query INSERT INTO `wp_finanCalc` (`name`, `minimumRate`, `mediumRate`, `maximumRate`, `minimumBudget`, `maximumBudget`, `year`) VALUES ('Test', NULL, NULL, NULL, NULL, NULL, NULL) made by do_action('wp_ajax_my_action'), WP_Hook->do_action, WP_Hook->apply_filters, AddPeopleFinanceCalculatorAdmin->my_action
[17-Jul-2019 10:24:12 UTC] PHP Notice:  Undefined index: minimumRate in C:\xampp\htdocs\wordpress\wp-content\plugins\addPeople-Finance-Calculator\class.addPeopleFinanceCalculator-Admin.php on line 35
[17-Jul-2019 10:24:12 UTC] PHP Notice:  Undefined index: mediumRate in C:\xampp\htdocs\wordpress\wp-content\plugins\addPeople-Finance-Calculator\class.addPeopleFinanceCalculator-Admin.php on line 36
[17-Jul-2019 10:24:12 UTC] PHP Notice:  Undefined index: maximumRate in C:\xampp\htdocs\wordpress\wp-content\plugins\addPeople-Finance-Calculator\class.addPeopleFinanceCalculator-Admin.php on line 37
[17-Jul-2019 10:24:12 UTC] PHP Notice:  Undefined index: year in C:\xampp\htdocs\wordpress\wp-content\plugins\addPeople-Finance-Calculator\class.addPeopleFinanceCalculator-Admin.php on line 38
[17-Jul-2019 10:24:12 UTC] PHP Notice:  Undefined index: minimumBudget in C:\xampp\htdocs\wordpress\wp-content\plugins\addPeople-Finance-Calculator\class.addPeopleFinanceCalculator-Admin.php on line 39
[17-Jul-2019 10:24:12 UTC] PHP Notice:  Undefined index: maximumBudget in C:\xampp\htdocs\wordpress\wp-content\plugins\addPeople-Finance-Calculator\class.addPeopleFinanceCalculator-Admin.php on line 40
[17-Jul-2019 10:24:13 UTC] WordPress database error Column 'minimumRate' cannot be null for query INSERT INTO `wp_finanCalc` (`name`, `minimumRate`, `mediumRate`, `maximumRate`, `minimumBudget`, `maximumBudget`, `year`) VALUES ('Test', NULL, NULL, NULL, NULL, NULL, NULL) made by do_action('wp_ajax_my_action'), WP_Hook->do_action, WP_Hook->apply_filters, AddPeopleFinanceCalculatorAdmin->my_action
[17-Jul-2019 10:27:07 UTC] PHP Notice:  Undefined index: minimumRate in C:\xampp\htdocs\wordpress\wp-content\plugins\addPeople-Finance-Calculator\class.addPeopleFinanceCalculator-Admin.php on line 35
[17-Jul-2019 10:27:07 UTC] PHP Notice:  Undefined index: mediumRate in C:\xampp\htdocs\wordpress\wp-content\plugins\addPeople-Finance-Calculator\class.addPeopleFinanceCalculator-Admin.php on line 36
[17-Jul-2019 10:27:07 UTC] PHP Notice:  Undefined index: maximumRate in C:\xampp\htdocs\wordpress\wp-content\plugins\addPeople-Finance-Calculator\class.addPeopleFinanceCalculator-Admin.php on line 37
[17-Jul-2019 10:27:07 UTC] PHP Notice:  Undefined index: year in C:\xampp\htdocs\wordpress\wp-content\plugins\addPeople-Finance-Calculator\class.addPeopleFinanceCalculator-Admin.php on line 38
[17-Jul-2019 10:27:07 UTC] PHP Notice:  Undefined index: minimumBudget in C:\xampp\htdocs\wordpress\wp-content\plugins\addPeople-Finance-Calculator\class.addPeopleFinanceCalculator-Admin.php on line 39
[17-Jul-2019 10:27:07 UTC] PHP Notice:  Undefined index: maximumBudget in C:\xampp\htdocs\wordpress\wp-content\plugins\addPeople-Finance-Calculator\class.addPeopleFinanceCalculator-Admin.php on line 40
[17-Jul-2019 10:27:07 UTC] WordPress database error Column 'minimumRate' cannot be null for query INSERT INTO `wp_finanCalc` (`name`, `minimumRate`, `mediumRate`, `maximumRate`, `minimumBudget`, `maximumBudget`, `year`) VALUES ('Test', NULL, NULL, NULL, NULL, NULL, NULL) made by do_action('wp_ajax_my_action'), WP_Hook->do_action, WP_Hook->apply_filters, AddPeopleFinanceCalculatorAdmin->my_action
